2021-07-12 15:14:48.258  INFO 5884 --- [restartedMain] c.shopme.admin.ShopmeBackendApplication  : Starting ShopmeBackendApplication using Java 15.0.2 on DESKTOP-P9EPVNN with PID 5884 (D:\Tech\ShopmeEcommerce_Spring\ShopmeEcommerce\ShopmeProject\ShopmeWebParent\ShopmeBackend\target\classes started by oOOo in D:\Tech\ShopmeEcommerce_Spring\ShopmeEcommerce\ShopmeProject\ShopmeWebParent\ShopmeBackend)
2021-07-12 15:14:48.258  INFO 5884 --- [restartedMain] c.shopme.admin.ShopmeBackendApplication  : No active profile set, falling back to default profiles: default
2021-07-12 15:14:48.399  INFO 5884 --- [restartedMain] .s.d.r.c.RepositoryConfigurationDelegate : Bootstrapping Spring Data JPA repositories in DEFAULT mode.
2021-07-12 15:14:48.410  INFO 5884 --- [restartedMain] .s.d.r.c.RepositoryConfigurationDelegate : Finished Spring Data repository scanning in 9 ms. Found 2 JPA repository interfaces.
2021-07-12 15:14:48.493  INFO 5884 --- [restartedMain] o.s.b.w.embedded.tomcat.TomcatWebServer  : Tomcat initialized with port(s): 8080 (http)
2021-07-12 15:14:48.493  INFO 5884 --- [restartedMain] o.apache.catalina.core.StandardService   : Starting service [Tomcat]
2021-07-12 15:14:48.494  INFO 5884 --- [restartedMain] org.apache.catalina.core.StandardEngine  : Starting Servlet engine: [Apache Tomcat/9.0.48]
2021-07-12 15:14:48.513  INFO 5884 --- [restartedMain] o.a.c.c.C.[.[localhost].[/ShopmeAdmin]   : Initializing Spring embedded WebApplicationContext
2021-07-12 15:14:48.513  INFO 5884 --- [restartedMain] w.s.c.ServletWebServerApplicationContext : Root WebApplicationContext: initialization completed in 253 ms
2021-07-12 15:14:48.531  WARN 5884 --- [restartedMain] o.a.c.c.C.[.[localhost].[/ShopmeAdmin]   : Cannot deserialize session attribute [SPRING_SECURITY_CONTEXT] for session [9150A6EFB2979419C2467B5CAF0E260F]
2021-07-12 15:14:48.560  INFO 5884 --- [restartedMain] o.hibernate.jpa.internal.util.LogHelper  : HHH000204: Processing PersistenceUnitInfo [name: default]
2021-07-12 15:14:48.565  INFO 5884 --- [restartedMain] com.zaxxer.hikari.HikariDataSource       : HikariPool-10 - Starting...
2021-07-12 15:14:48.581  INFO 5884 --- [restartedMain] com.zaxxer.hikari.HikariDataSource       : HikariPool-10 - Start completed.
2021-07-12 15:14:48.582  INFO 5884 --- [restartedMain] org.hibernate.dialect.Dialect            : HHH000400: Using dialect: org.hibernate.dialect.MySQL8Dialect
2021-07-12 15:14:48.624  INFO 5884 --- [restartedMain] o.h.e.t.j.p.i.JtaPlatformInitiator       : HHH000490: Using JtaPlatform implementation: [org.hibernate.engine.transaction.jta.platform.internal.NoJtaPlatform]
2021-07-12 15:14:48.625  INFO 5884 --- [restartedMain] j.LocalContainerEntityManagerFactoryBean : Initialized JPA EntityManagerFactory for persistence unit 'default'
2021-07-12 15:14:48.643  WARN 5884 --- [restartedMain] JpaBaseConfiguration$JpaWebConfiguration : spring.jpa.open-in-view is enabled by default. Therefore, database queries may be performed during view rendering. Explicitly configure spring.jpa.open-in-view to disable this warning
2021-07-12 15:14:48.709  INFO 5884 --- [restartedMain] o.s.s.web.DefaultSecurityFilterChain     : Will secure Ant [pattern='/images/**'] with []
2021-07-12 15:14:48.710  INFO 5884 --- [restartedMain] o.s.s.web.DefaultSecurityFilterChain     : Will secure Ant [pattern='/js/**'] with []
2021-07-12 15:14:48.710  INFO 5884 --- [restartedMain] o.s.s.web.DefaultSecurityFilterChain     : Will secure Ant [pattern='/webjars/**'] with []
2021-07-12 15:14:48.716  INFO 5884 --- [restartedMain] o.s.s.web.DefaultSecurityFilterChain     : Will secure any request with [org.springframework.security.web.context.request.async.WebAsyncManagerIntegrationFilter@6e8f02ea, org.springframework.security.web.context.SecurityContextPersistenceFilter@100d2587, org.springframework.security.web.header.HeaderWriterFilter@5ec6319a, org.springframework.security.web.csrf.CsrfFilter@7cb160b7, org.springframework.security.web.authentication.logout.LogoutFilter@4d3cad8a, org.springframework.security.web.authentication.UsernamePasswordAuthenticationFilter@4a45ceba, org.springframework.security.web.savedrequest.RequestCacheAwareFilter@4e329adf, org.springframework.security.web.servletapi.SecurityContextHolderAwareRequestFilter@21173862, org.springframework.security.web.authentication.rememberme.RememberMeAuthenticationFilter@5925a9a5, org.springframework.security.web.authentication.AnonymousAuthenticationFilter@5cf92560, org.springframework.security.web.session.SessionManagementFilter@67ce5511, org.springframework.security.web.access.ExceptionTranslationFilter@51c1e415, org.springframework.security.web.access.intercept.FilterSecurityInterceptor@38f146b5]
2021-07-12 15:14:48.750  INFO 5884 --- [restartedMain] o.s.b.a.w.s.WelcomePageHandlerMapping    : Adding welcome page template: index
2021-07-12 15:14:48.947  INFO 5884 --- [restartedMain] o.s.b.d.a.OptionalLiveReloadServer       : LiveReload server is running on port 35729
2021-07-12 15:14:48.957  INFO 5884 --- [restartedMain] o.s.b.w.embedded.tomcat.TomcatWebServer  : Tomcat started on port(s): 8080 (http) with context path '/ShopmeAdmin'
2021-07-12 15:14:48.960  INFO 5884 --- [restartedMain] c.shopme.admin.ShopmeBackendApplication  : Started ShopmeBackendApplication in 0.741 seconds (JVM running for 1446.17)
2021-07-12 15:14:48.961  INFO 5884 --- [restartedMain] .ConditionEvaluationDeltaLoggingListener : Condition evaluation unchanged
2021-07-12 15:14:54.610  INFO 5884 --- [Thread-39] j.LocalContainerEntityManagerFactoryBean : Closing JPA EntityManagerFactory for persistence unit 'default'
2021-07-12 15:14:54.612  INFO 5884 --- [Thread-39] com.zaxxer.hikari.HikariDataSource       : HikariPool-10 - Shutdown initiated...
2021-07-12 15:14:54.627  INFO 5884 --- [Thread-39] com.zaxxer.hikari.HikariDataSource       : HikariPool-10 - Shutdown completed.
